<?xml version="1.0" encoding="UTF-8"?>
<!-- Generated by org.testng.reporters.JUnitReportReporter -->
<testsuite hostname="16-06-005" failures="0" tests="10" name="test.HerkoInternetApp" time="118.412" errors="0" timestamp="2023-06-07T12:18:44 EET" skipped="0">
  <testcase classname="test.HerkoInternetApp" name="ClickKeysTestcases" time="10.292"/>
  <system-out/>
  <testcase classname="test.HerkoInternetApp" name="HandleAlertTestcasesTwoPromot" time="7.362"/>
  <system-out/>
  <testcase classname="test.HerkoInternetApp" name="HandleDynamicLoading" time="15.572"/>
  <system-out/>
  <testcase classname="test.HerkoInternetApp" name="HandleFrameSwitching" time="13.779"/>
  <system-out/>
  <testcase classname="test.HerkoInternetApp" name="HandleNavgation" time="15.146"/>
  <system-out/>
  <testcase classname="test.HerkoInternetApp" name="HandleAlertTestcases" time="8.337"/>
  <system-out/>
  <testcase classname="test.HerkoInternetApp" name="HandleAlertTestcasesSendText" time="12.167"/>
  <system-out/>
  <testcase classname="test.HerkoInternetApp" name="HandleFileUpload" time="10.326"/>
  <system-out/>
  <testcase classname="test.HerkoInternetApp" name="HandleAlertTestcasesTwoChocic" time="11.809"/>
  <system-out/>
  <testcase classname="test.HerkoInternetApp" name="ClickKeysTestSlider" time="13.622"/>
  <system-out/>
</testsuite> <!-- test.HerkoInternetApp -->
