<?xml version="1.0" encoding="UTF-8"?>
<!-- Generated by org.testng.reporters.JUnitReportReporter -->
<testsuite hostname="DESKTOP-CP37DLD" failures="0" tests="1" name="test.OrangeHRMTestCases" time="5.589" errors="0" timestamp="2023-06-13T21:14:47 AST" skipped="0">
  <testcase classname="test.OrangeHRMTestCases" name="createNewUserAccount" time="5.589"/>
  <system-out/>
</testsuite> <!-- test.OrangeHRMTestCases -->
