<?xml version="1.0" encoding="UTF-8"?>
<!-- Generated by org.testng.reporters.JUnitReportReporter -->
<testsuite hostname="DESKTOP-CP37DLD" failures="0" tests="1" name="test.OrangeHRMTestCases" time="15.272" errors="0" timestamp="2023-06-11T05:06:05 AST" skipped="0">
  <testcase classname="test.OrangeHRMTestCases" name="createNewUserAccount" time="15.272"/>
  <system-out/>
</testsuite> <!-- test.OrangeHRMTestCases -->
