<?xml version="1.0" encoding="UTF-8"?>
<!-- Generated by org.testng.reporters.JUnitReportReporter -->
<testsuite hostname="16-06-005" failures="0" tests="1" name="test.SauceLabstestCases" time="10.297" errors="0" timestamp="2023-06-04T13:20:39 EET" skipped="0">
  <testcase classname="test.SauceLabstestCases" name="demoAutomationSite" time="10.297"/>
  <system-out/>
</testsuite> <!-- test.SauceLabstestCases -->
