<?xml version="1.0" encoding="UTF-8"?>
<!-- Generated by org.testng.reporters.JUnitReportReporter -->
<testsuite hostname="DESKTOP-CP37DLD" failures="0" tests="1" name="test.HerkoInternetApp" time="5.557" errors="0" timestamp="2023-06-06T18:44:04 AST" skipped="0">
  <testcase classname="test.HerkoInternetApp" name="HandleFileUpload" time="5.557"/>
  <system-out/>
</testsuite> <!-- test.HerkoInternetApp -->
