<?xml version="1.0" encoding="UTF-8"?>
<!-- Generated by org.testng.reporters.JUnitReportReporter -->
<testsuite hostname="DESKTOP-CP37DLD" failures="0" tests="2" name="test.HerkoInternetApp" time="5.004" errors="0" timestamp="2023-06-06T17:05:56 AST" skipped="1">
  <testcase classname="test.HerkoInternetApp" name="ClickKeysTestSlider" time="5.004"/>
  <system-out/>
  <testcase classname="test.HerkoInternetApp" name="ClickKeysTestcases">
    <skipped/>
  </testcase> <!-- ClickKeysTestcases -->
  <system-out/>
</testsuite> <!-- test.HerkoInternetApp -->
