<?xml version="1.0" encoding="UTF-8"?>
<!-- Generated by org.testng.reporters.JUnitReportReporter -->
<testsuite hostname="DESKTOP-CP37DLD" failures="0" tests="1" name="test.OrangeHRM" time="1.896" errors="0" timestamp="2023-06-06T21:15:42 AST" skipped="0">
  <testcase classname="test.OrangeHRM" name="AdminUserMangementTable" time="1.896"/>
  <system-out/>
</testsuite> <!-- test.OrangeHRM -->
