<?xml version="1.0" encoding="UTF-8"?>
<!-- Generated by org.testng.reporters.JUnitReportReporter -->
<testsuite hostname="DESKTOP-CP37DLD" failures="0" tests="1" name="test.OrangeHRMTestCases" time="11.196" errors="0" timestamp="2023-06-09T18:39:05 AST" skipped="0">
  <testcase classname="test.OrangeHRMTestCases" name="navigationTestcases" time="11.196"/>
  <system-out/>
</testsuite> <!-- test.OrangeHRMTestCases -->
