<?xml version="1.0" encoding="UTF-8"?>
<!-- Generated by org.testng.reporters.JUnitReportReporter -->
<testsuite hostname="DESKTOP-CP37DLD" failures="0" tests="1" name="mobileTests.MobileBaseTest" time="36.881" errors="0" timestamp="2023-06-17T01:14:56 AST" skipped="0">
  <testcase classname="mobileTests.MobileBaseTest" name="setAppiuMethod2" time="36.881"/>
  <system-out/>
</testsuite> <!-- mobileTests.MobileBaseTest -->
