<?xml version="1.0" encoding="UTF-8"?>
<!-- Generated by org.testng.reporters.JUnitReportReporter -->
<testsuite hostname="DESKTOP-CP37DLD" failures="0" tests="1" name="test.HerkoInternetApp" time="6.531" errors="0" timestamp="2023-06-06T20:19:07 AST" skipped="0">
  <testcase classname="test.HerkoInternetApp" name="HandleFrameSwitching" time="6.531"/>
  <system-out/>
</testsuite> <!-- test.HerkoInternetApp -->
