<?xml version="1.0" encoding="UTF-8"?>
<!-- Generated by org.testng.reporters.JUnitReportReporter -->
<testsuite hostname="DESKTOP-CP37DLD" failures="0" tests="1" name="test.HerkoInternetApp" time="10.874" errors="0" timestamp="2023-06-06T20:41:52 AST" skipped="0">
  <testcase classname="test.HerkoInternetApp" name="HandleDynamicLoading" time="10.874"/>
  <system-out/>
</testsuite> <!-- test.HerkoInternetApp -->
