<?xml version="1.0" encoding="UTF-8"?>
<!-- Generated by org.testng.reporters.JUnitReportReporter -->
<testsuite hostname="DESKTOP-CP37DLD" failures="0" tests="4" name="test.HerkoInternetApp" time="5.174" errors="0" timestamp="2023-06-06T18:06:29 AST" skipped="3">
  <testcase classname="test.HerkoInternetApp" name="HandleAlertTestcasesSendText" time="5.174"/>
  <system-out/>
  <testcase classname="test.HerkoInternetApp" name="HandleAlertTestcasesTwoPromot">
    <skipped/>
  </testcase> <!-- HandleAlertTestcasesTwoPromot -->
  <system-out/>
  <testcase classname="test.HerkoInternetApp" name="ClickKeysTestcases">
    <skipped/>
  </testcase> <!-- ClickKeysTestcases -->
  <system-out/>
  <testcase classname="test.HerkoInternetApp" name="ClickKeysTestSlider">
    <skipped/>
  </testcase> <!-- ClickKeysTestSlider -->
  <system-out/>
</testsuite> <!-- test.HerkoInternetApp -->
