<?xml version="1.0" encoding="UTF-8"?>
<!-- Generated by org.testng.reporters.JUnitReportReporter -->
<testsuite hostname="DESKTOP-CP37DLD" failures="0" tests="2" name="test.SauceLabstestCases" time="8.171" errors="0" timestamp="2023-06-03T17:28:56 AST" skipped="0">
  <testcase classname="test.SauceLabstestCases" name="navigateSacuceLabsHomepage2" time="4.945"/>
  <system-out/>
  <testcase classname="test.SauceLabstestCases" name="navigateSacuceLabsHomepage3" time="3.226"/>
  <system-out/>
</testsuite> <!-- test.SauceLabstestCases -->
