<?xml version="1.0" encoding="UTF-8"?>
<!-- Generated by org.testng.reporters.JUnitReportReporter -->
<testsuite hostname="DESKTOP-CP37DLD" failures="0" tests="1" name="test.NewTest" time="4.058" errors="0" timestamp="2023-06-09T16:26:30 AST" skipped="0">
  <testcase classname="test.NewTest" name="LoginTestcases" time="4.058"/>
  <system-out/>
</testsuite> <!-- test.NewTest -->
