<?xml version="1.0" encoding="UTF-8"?>
<!-- Generated by org.testng.reporters.JUnitReportReporter -->
<testsuite hostname="DESKTOP-CP37DLD" failures="0" tests="10" name="test.HerkoInternetApp" time="100.172" errors="0" timestamp="2023-06-06T21:15:42 AST" skipped="0">
  <testcase classname="test.HerkoInternetApp" name="HandleAlertTestcasesTwoPromot" time="11.401"/>
  <system-out/>
  <testcase classname="test.HerkoInternetApp" name="HandleAlertTestcasesSendText" time="4.140"/>
  <system-out/>
  <testcase classname="test.HerkoInternetApp" name="ClickKeysTestcases" time="4.578"/>
  <system-out/>
  <testcase classname="test.HerkoInternetApp" name="HandleAlertTestcases" time="4.302"/>
  <system-out/>
  <testcase classname="test.HerkoInternetApp" name="HandleAlertTestcasesTwoChocic" time="16.728"/>
  <system-out/>
  <testcase classname="test.HerkoInternetApp" name="ClickKeysTestSlider" time="7.566"/>
  <system-out/>
  <testcase classname="test.HerkoInternetApp" name="HandleFrameSwitching" time="12.986"/>
  <system-out/>
  <testcase classname="test.HerkoInternetApp" name="HandleFileUpload" time="9.625"/>
  <system-out/>
  <testcase classname="test.HerkoInternetApp" name="HandleNavgation" time="12.631"/>
  <system-out/>
  <testcase classname="test.HerkoInternetApp" name="HandleDynamicLoading" time="16.215"/>
  <system-out/>
</testsuite> <!-- test.HerkoInternetApp -->
